********************************************************************************
product = Open Liberty 23.0.0.1 (wlp-1.0.73.cl230120230123-2118)
wlp.install.dir = /Users/ayeshailyas/Wishlist-App/auth-server/target/liberty/wlp/
java.home = /Library/Java/JavaVirtualMachines/jdk-17.0.1.jdk/Contents/Home
java.version = 17.0.1
java.runtime = Java(TM) SE Runtime Environment (17.0.1+12-LTS-39)
os = Mac OS X (12.1; x86_64) (en_US)
process = 74481@Ayeshas-MacBook-Air.local
Classpath = /Users/ayeshailyas/Wishlist-App/auth-server/target/liberty/wlp/bin/tools/ws-server.jar
Java Library path = /Users/ayeshailyas/Library/Java/Extensions:/Library/Java/Extensions:/Network/Library/Java/Extensions:/System/Library/Java/Extensions:/usr/lib/java:.
********************************************************************************
[3/3/23, 4:09:11:588 EST] 00000001 com.ibm.ws.kernel.launch.internal.FrameworkManager           A CWWKE0001I: The server defaultServer has been launched.
[3/3/23, 4:09:13:192 EST] 00000001 com.ibm.ws.kernel.launch.internal.FrameworkManager           I CWWKE0002I: The kernel started after 7.043 seconds
[3/3/23, 4:09:13:258 EST] 00000027 com.ibm.ws.kernel.feature.internal.FeatureManager            I CWWKF0007I: Feature update started.
[3/3/23, 4:09:22:039 EST] 0000001a com.ibm.ws.security.registry.basic.internal.BasicRegistry    W CWWKS3103W: There are no users defined for the BasicRegistry configuration of ID com.ibm.ws.security.registry.basic.config[basic].
[3/3/23, 4:09:22:112 EST] 0000001a com.ibm.ws.security.ready.internal.SecurityReadyServiceImpl  I CWWKS0007I: The security service is starting...
[3/3/23, 4:09:22:468 EST] 0000001c com.ibm.ws.app.manager.internal.monitor.DropinMonitor        A CWWKZ0058I: Monitoring dropins for applications.
[3/3/23, 4:09:23:048 EST] 0000001b com.ibm.ws.cache.ServerCache                                 I DYNA1001I: WebSphere Dynamic Cache instance named baseCache initialized successfully.
[3/3/23, 4:09:23:075 EST] 0000001b com.ibm.ws.cache.ServerCache                                 I DYNA1071I: The cache provider default is being used.
[3/3/23, 4:09:23:076 EST] 0000001b com.ibm.ws.cache.CacheServiceImpl                            I DYNA1056I: Dynamic Cache (object cache) initialized successfully.
[3/3/23, 4:09:24:130 EST] 0000001b rty.security.mp.jwt.v12.config.impl.MpConfigProxyServiceImpl I CWWKS5780I: The MicroProfile JWT version 1.2 mpConfigProxy processed successfully.
[3/3/23, 4:09:29:524 EST] 0000001c com.ibm.ws.sib.utils.ras.SibMessage                          I  CWSIS1553I: The minimum reserved size in the configuration information of the permanent store file is 20,971,520 bytes. The maximum size is 209,715,200 bytes.
[3/3/23, 4:09:29:536 EST] 0000001c com.ibm.ws.sib.utils.ras.SibMessage                          I  CWSIS1557I: The minimum reserved size in the configuration information of the temporary store file is 20,971,520 bytes. The maximum size is 209,715,200 bytes.
[3/3/23, 4:09:29:911 EST] 0000001c com.ibm.ws.sib.utils.ras.SibMessage                          I  CWSID0108I: JMS server has started.  
[3/3/23, 4:09:29:962 EST] 00000023 com.ibm.ws.ssl.config.WSKeyStore                             A CWPKI0820A: The default keystore has been created using the 'keystore_password' environment variable.
[3/3/23, 4:09:29:967 EST] 00000023 com.ibm.ws.ssl.config.WSKeyStore                             I CWPKI0802I: Creating the SSL certificate. This may take a few seconds.
[3/3/23, 4:09:30:014 EST] 0000002e com.ibm.ws.security.token.ltpa.LTPAKeyInfoManager            I CWWKS4103I: Creating the LTPA keys. This may take a few seconds.
[3/3/23, 4:09:30:257 EST] 0000001a ibm.ws.security.authentication.internal.jaas.JAASServiceImpl I CWWKS1123I: The collective authentication plugin with class name NullCollectiveAuthenticationPlugin has been activated. 
[3/3/23, 4:09:31:082 EST] 0000002e com.ibm.ws.security.token.ltpa.LTPAKeyInfoManager            A CWWKS4104A: LTPA keys created in 1.068 seconds. LTPA key file: /Users/ayeshailyas/Wishlist-App/auth-server/target/liberty/wlp/usr/servers/defaultServer/resources/security/ltpa.keys
[3/3/23, 4:09:31:086 EST] 0000002e com.ibm.ws.security.ready.internal.SecurityReadyServiceImpl  I CWWKS0008I: The security service is ready.
[3/3/23, 4:09:31:087 EST] 0000002e com.ibm.ws.security.token.ltpa.internal.LTPAKeyCreateTask    I CWWKS4105I: LTPA configuration is ready after 1.074 seconds.
[3/3/23, 4:09:31:240 EST] 0000001a com.ibm.ws.security.jaspi.AuthConfigFactoryWrapper           I CWWKS1655I: The default Java Authentication SPI for Containers (JASPIC) AuthConfigFactory class com.ibm.ws.security.jaspi.ProviderRegistry is being used because the Java security property authconfigprovider.factory is not set. 
[3/3/23, 4:09:31:310 EST] 0000001a com.ibm.ws.security.jwt.internal.ConsumerImpl                I CWWKS6012I: The JSON Web Token (JWT) consumer service is available.
[3/3/23, 4:09:31:327 EST] 0000001a com.ibm.ws.security.jwt.web.JwtEndpointServices              I CWWKS6002I: The JSON Web Token (JWT) endpoint service is available.
[3/3/23, 4:09:31:832 EST] 0000001a com.ibm.ws.session.WASSessionCore                            I SESN8501I: The session manager did not find a persistent storage location; HttpSession objects will be stored in the local application server's memory.
[3/3/23, 4:09:32:108 EST] 0000001a .microprofile.metrics.internal.monitor.MonitorMetricsHandler I CWPMI2003I: Monitoring metrics can be retrieved through mpMetrics.
[3/3/23, 4:09:32:251 EST] 00000023 com.ibm.ws.ssl.config.WSKeyStore                             A CWPKI0803A: SSL certificate created in 2.284 seconds. SSL key file: /Users/ayeshailyas/Wishlist-App/auth-server/target/liberty/wlp/usr/servers/defaultServer/resources/security/key.p12
[3/3/23, 4:09:32:251 EST] 00000023 com.ibm.ws.ssl.config.WSKeyStore                             I Successfully loaded default keystore: /Users/ayeshailyas/Wishlist-App/auth-server/target/liberty/wlp/usr/servers/defaultServer/resources/security/key.p12 of type: PKCS12
[3/3/23, 4:09:32:283 EST] 00000023 com.ibm.ws.security.mp.jwt.impl.MicroProfileJwtServiceImpl   I CWWKS5500I: The MicroProfile JWT configuration [MicroProfileJwtService] was successfully processed.
[3/3/23, 4:09:32:293 EST] 00000023 com.ibm.ws.security.mp.jwt.impl.MicroProfileJwtConfigImpl    I CWWKS5500I: The MicroProfile JWT configuration [defaultMpJwt] was successfully processed.
[3/3/23, 4:09:32:356 EST] 0000001e cxf.cxf.core.3.2.jakarta:1.0.73.cl230120230123-2118(id=282)] I Aries Blueprint packages not available. So namespaces will not be registered
[3/3/23, 4:09:32:440 EST] 00000023 org.apache.cxf.ext.logging.osgi.Activator                    I CXF message logging feature disabled
[3/3/23, 4:09:33:153 EST] 0000001d com.ibm.ws.transport.iiop.internal.ORBWrapperInternal        A CWWKI0001I: The CORBA name server is now available at corbaloc:iiop:localhost:2809/NameService.
[3/3/23, 4:09:34:138 EST] 00000052 com.ibm.ws.app.manager.AppMessageHelper                      I CWWKZ0018I: Starting application auth-server.
[3/3/23, 4:09:34:139 EST] 00000052 bm.ws.app.manager.war.internal.WARDeployedAppInfoFactoryImpl I CWWKZ0134I: The auth-server application is using the loose application definition at the /Users/ayeshailyas/Wishlist-App/auth-server/target/liberty/wlp/usr/servers/defaultServer/apps/auth-server.war.xml location.
[3/3/23, 4:09:34:579 EST] 0000002e com.ibm.ws.webcontainer.osgi.webapp.WebGroup                 I SRVE0169I: Loading Web Module: OpenAPIUI.
[3/3/23, 4:09:34:581 EST] 00000028 com.ibm.ws.webcontainer.osgi.webapp.WebGroup                 I SRVE0169I: Loading Web Module: ibm/api.
[3/3/23, 4:09:34:582 EST] 0000002e com.ibm.ws.webcontainer                                      I SRVE0250I: Web Module OpenAPIUI has been bound to default_host.
[3/3/23, 4:09:34:581 EST] 00000051 com.ibm.ws.webcontainer.osgi.webapp.WebGroup                 I SRVE0169I: Loading Web Module: /openapi/platform.
[3/3/23, 4:09:34:582 EST] 00000051 com.ibm.ws.webcontainer                                      I SRVE0250I: Web Module /openapi/platform has been bound to default_host.
[3/3/23, 4:09:34:582 EST] 00000028 com.ibm.ws.webcontainer                                      I SRVE0250I: Web Module ibm/api has been bound to default_host.
[3/3/23, 4:09:34:583 EST] 0000002e com.ibm.ws.http.internal.VirtualHostImpl                     A CWWKT0016I: Web application available (default_host): http://localhost:9082/openapi/ui/
[3/3/23, 4:09:34:585 EST] 0000002d com.ibm.ws.webcontainer.osgi.webapp.WebGroup                 I SRVE0169I: Loading Web Module: health.
[3/3/23, 4:09:34:586 EST] 0000002d com.ibm.ws.webcontainer                                      I SRVE0250I: Web Module health has been bound to default_host.
[3/3/23, 4:09:34:602 EST] 0000002d com.ibm.ws.http.internal.VirtualHostImpl                     A CWWKT0016I: Web application available (default_host): http://localhost:9082/health/
[3/3/23, 4:09:34:609 EST] 00000028 com.ibm.ws.http.internal.VirtualHostImpl                     A CWWKT0016I: Web application available (default_host): http://localhost:9082/ibm/api/
[3/3/23, 4:09:34:612 EST] 00000051 com.ibm.ws.http.internal.VirtualHostImpl                     A CWWKT0016I: Web application available (default_host): http://localhost:9082/openapi/platform/
[3/3/23, 4:09:34:658 EST] 0000002a com.ibm.ws.webcontainer.osgi.webapp.WebGroup                 I SRVE0169I: Loading Web Module: IBMJMXConnectorREST.
[3/3/23, 4:09:34:659 EST] 0000002a com.ibm.ws.webcontainer                                      I SRVE0250I: Web Module IBMJMXConnectorREST has been bound to default_host.
[3/3/23, 4:09:34:659 EST] 0000002a com.ibm.ws.http.internal.VirtualHostImpl                     A CWWKT0016I: Web application available (default_host): http://localhost:9082/IBMJMXConnectorREST/
[3/3/23, 4:09:34:723 EST] 00000053 com.ibm.ws.session.WASSessionCore                            I SESN0176I: A new session context will be created for application key default_host/openapi/ui
[3/3/23, 4:09:34:723 EST] 00000051 com.ibm.ws.session.WASSessionCore                            I SESN0176I: A new session context will be created for application key default_host/ibm/api
[3/3/23, 4:09:34:723 EST] 00000028 com.ibm.ws.session.WASSessionCore                            I SESN0176I: A new session context will be created for application key default_host/openapi/platform
[3/3/23, 4:09:34:722 EST] 00000029 com.ibm.ws.session.WASSessionCore                            I SESN0176I: A new session context will be created for application key default_host/health
[3/3/23, 4:09:34:740 EST] 0000002a com.ibm.ws.jmx.connector.server.rest.RESTAppListener         I CWWKX0103I: The JMX REST connector is running and is available at the following service URL: service:jmx:rest://localhost:9443/IBMJMXConnectorREST
[3/3/23, 4:09:34:742 EST] 0000002a com.ibm.ws.jmx.connector.server.rest.RESTAppListener         I CWWKX0103I: The JMX REST connector is running and is available at the following service URL: service:jmx:rest://localhost:9443/IBMJMXConnectorREST
[3/3/23, 4:09:34:777 EST] 0000002c com.ibm.ws.webcontainer.osgi.webapp.WebGroup                 I SRVE0169I: Loading Web Module: io.openliberty.security.jwt.internal.
[3/3/23, 4:09:34:777 EST] 0000002c com.ibm.ws.webcontainer                                      I SRVE0250I: Web Module io.openliberty.security.jwt.internal has been bound to default_host.
[3/3/23, 4:09:34:778 EST] 0000002c com.ibm.ws.http.internal.VirtualHostImpl                     A CWWKT0016I: Web application available (default_host): http://localhost:9082/jwt/
[3/3/23, 4:09:34:802 EST] 0000002b com.ibm.ws.webcontainer.osgi.webapp.WebGroup                 I SRVE0169I: Loading Web Module: MicroProfileOpenAPI.
[3/3/23, 4:09:34:803 EST] 0000002b com.ibm.ws.webcontainer                                      I SRVE0250I: Web Module MicroProfileOpenAPI has been bound to default_host.
[3/3/23, 4:09:34:803 EST] 00000050 com.ibm.ws.webcontainer.osgi.webapp.WebGroup                 I SRVE0169I: Loading Web Module: PrivateMicroProfileMetrics.
[3/3/23, 4:09:34:803 EST] 0000002b com.ibm.ws.http.internal.VirtualHostImpl                     A CWWKT0016I: Web application available (default_host): http://localhost:9082/openapi/
[3/3/23, 4:09:34:803 EST] 00000050 com.ibm.ws.webcontainer                                      I SRVE0250I: Web Module PrivateMicroProfileMetrics has been bound to default_host.
[3/3/23, 4:09:34:804 EST] 00000050 com.ibm.ws.http.internal.VirtualHostImpl                     A CWWKT0016I: Web application available (default_host): http://localhost:9082/metrics/
[3/3/23, 4:09:34:814 EST] 00000050 com.ibm.ws.session.WASSessionCore                            I SESN0176I: A new session context will be created for application key default_host/metrics
[3/3/23, 4:09:34:817 EST] 0000002c com.ibm.ws.session.WASSessionCore                            I SESN0176I: A new session context will be created for application key default_host/openapi
[3/3/23, 4:09:34:879 EST] 0000002d com.ibm.ws.session.WASSessionCore                            I SESN0176I: A new session context will be created for application key default_host/jwt
[3/3/23, 4:09:34:896 EST] 00000053 com.ibm.ws.util                                              I SESN0172I: The session manager is using the Java default SecureRandom implementation for session ID generation.
[3/3/23, 4:09:34:899 EST] 0000002a com.ibm.ws.session.WASSessionCore                            I SESN0176I: A new session context will be created for application key default_host/IBMJMXConnectorREST
[3/3/23, 4:09:34:946 EST] 0000002a com.ibm.ws.util                                              I SESN0172I: The session manager is using the Java default SecureRandom implementation for session ID generation.
[3/3/23, 4:09:34:947 EST] 0000002d com.ibm.ws.util                                              I SESN0172I: The session manager is using the Java default SecureRandom implementation for session ID generation.
[3/3/23, 4:09:34:948 EST] 0000002c com.ibm.ws.util                                              I SESN0172I: The session manager is using the Java default SecureRandom implementation for session ID generation.
[3/3/23, 4:09:34:948 EST] 00000050 com.ibm.ws.util                                              I SESN0172I: The session manager is using the Java default SecureRandom implementation for session ID generation.
[3/3/23, 4:09:34:949 EST] 00000029 com.ibm.ws.util                                              I SESN0172I: The session manager is using the Java default SecureRandom implementation for session ID generation.
[3/3/23, 4:09:34:949 EST] 00000028 com.ibm.ws.util                                              I SESN0172I: The session manager is using the Java default SecureRandom implementation for session ID generation.
[3/3/23, 4:09:34:950 EST] 00000051 com.ibm.ws.util                                              I SESN0172I: The session manager is using the Java default SecureRandom implementation for session ID generation.
[3/3/23, 4:09:35:018 EST] 00000028 org.hibernate.validator.internal.util.Version                I HV000001: Hibernate Validator 7.0.4.Final
[3/3/23, 4:09:35:315 EST] 00000053 com.ibm.ws.cache.CacheServiceImpl                            I DYNA1056I: Dynamic Cache (object cache) initialized successfully.
[3/3/23, 4:09:35:390 EST] 00000053 org.apache.myfaces.ee.MyFacesContainerInitializer            I Using org.apache.myfaces.ee.MyFacesContainerInitializer
[3/3/23, 4:09:35:499 EST] 00000051 org.apache.myfaces.ee.MyFacesContainerInitializer            I Using org.apache.myfaces.ee.MyFacesContainerInitializer
[3/3/23, 4:09:35:504 EST] 0000002c org.apache.myfaces.ee.MyFacesContainerInitializer            I Using org.apache.myfaces.ee.MyFacesContainerInitializer
[3/3/23, 4:09:35:501 EST] 0000002d org.apache.myfaces.ee.MyFacesContainerInitializer            I Using org.apache.myfaces.ee.MyFacesContainerInitializer
[3/3/23, 4:09:35:511 EST] 00000028 org.apache.myfaces.ee.MyFacesContainerInitializer            I Using org.apache.myfaces.ee.MyFacesContainerInitializer
[3/3/23, 4:09:35:517 EST] 0000002a org.apache.myfaces.ee.MyFacesContainerInitializer            I Using org.apache.myfaces.ee.MyFacesContainerInitializer
[3/3/23, 4:09:35:520 EST] 00000050 org.apache.myfaces.ee.MyFacesContainerInitializer            I Using org.apache.myfaces.ee.MyFacesContainerInitializer
[3/3/23, 4:09:35:530 EST] 00000029 org.apache.myfaces.ee.MyFacesContainerInitializer            I Using org.apache.myfaces.ee.MyFacesContainerInitializer
[3/3/23, 4:09:35:753 EST] 0000002a com.ibm.ws.webcontainer.servlet                              I SRVE0242I: [com.ibm.ws.jmx.connector.server.rest.jakarta] [/IBMJMXConnectorREST] [JMXRESTProxyServlet]: Initialization successful.
[3/3/23, 4:09:35:755 EST] 0000002c com.ibm.ws.webcontainer.servlet                              I SRVE0242I: [io.openliberty.microprofile.openapi.2.0.internal.jakarta] [/openapi] [ApplicationServlet]: Initialization successful.
[3/3/23, 4:09:35:757 EST] 00000029 com.ibm.ws.webcontainer.servlet                              I SRVE0242I: [io.openliberty.microprofile.health.3.1.internal.jakarta] [/health] [HealthCheckReadinessServlet]: Initialization successful.
[3/3/23, 4:09:35:758 EST] 00000029 com.ibm.ws.webcontainer.servlet                              I SRVE0242I: [io.openliberty.microprofile.health.3.1.internal.jakarta] [/health] [HealthCheckServlet]: Initialization successful.
[3/3/23, 4:09:35:759 EST] 00000029 com.ibm.ws.webcontainer.servlet                              I SRVE0242I: [io.openliberty.microprofile.health.3.1.internal.jakarta] [/health] [HealthCheckStartupServlet]: Initialization successful.
[3/3/23, 4:09:35:760 EST] 00000029 com.ibm.ws.webcontainer.servlet                              I SRVE0242I: [io.openliberty.microprofile.health.3.1.internal.jakarta] [/health] [HealthCheckLivenessServlet]: Initialization successful.
[3/3/23, 4:09:35:764 EST] 00000050 com.ibm.ws.webcontainer.servlet                              I SRVE0242I: [io.openliberty.microprofile.metrics.internal.private] [/metrics] [PrivateMetricsRESTProxyServlet]: Initialization successful.
[3/3/23, 4:09:35:908 EST] 0000002b com.ibm.ws.webcontainer.osgi.mbeans.PluginGenerator          I SRVE9103I: A configuration file for a web server plugin was automatically generated for this server at /Users/ayeshailyas/Wishlist-App/auth-server/target/liberty/wlp/usr/servers/defaultServer/logs/state/plugin-cfg.xml.
[3/3/23, 4:09:35:913 EST] 00000052 liberty.microprofile.openapi20.internal.ApplicationProcessor I CWWKO1660I: The application auth-server was processed and an OpenAPI document was produced.
[3/3/23, 4:09:35:948 EST] 00000052 org.jboss.weld.Version                                       I WELD-000900: 4.0.3 (Final)
[3/3/23, 4:09:36:843 EST] 00000052 org.jboss.weld.Event                                         I WELD-000411: Observer method [BackedAnnotatedMethod] org.apache.myfaces.config.annotation.CdiAnnotationProviderExtension.processAnnotatedType(@Observes ProcessAnnotatedType<T>) receives events for all annotated types. Consider restricting events using @WithAnnotations or a generic type with bounds.
[3/3/23, 4:09:36:882 EST] 00000052 org.jboss.weld.Event                                         I WELD-000411: Observer method [BackedAnnotatedMethod] org.apache.myfaces.cdi.JsfArtifactProducerExtension.processAnnotatedType(@Observes ProcessAnnotatedType<T>, BeanManager) receives events for all annotated types. Consider restricting events using @WithAnnotations or a generic type with bounds.
[3/3/23, 4:09:38:593 EST] 00000052 com.ibm.ws.webcontainer.osgi.webapp.WebGroup                 I SRVE0169I: Loading Web Module: auth-server.
[3/3/23, 4:09:38:594 EST] 00000052 com.ibm.ws.webcontainer                                      I SRVE0250I: Web Module auth-server has been bound to default_host.
[3/3/23, 4:09:38:594 EST] 00000052 com.ibm.ws.http.internal.VirtualHostImpl                     A CWWKT0016I: Web application available (default_host): http://localhost:9082/
[3/3/23, 4:09:38:597 EST] 00000029 com.ibm.ws.session.WASSessionCore                            I SESN0176I: A new session context will be created for application key default_host/
[3/3/23, 4:09:38:598 EST] 00000029 com.ibm.ws.util                                              I SESN0172I: The session manager is using the Java default SecureRandom implementation for session ID generation.
[3/3/23, 4:09:38:629 EST] 00000029 org.apache.myfaces.ee.MyFacesContainerInitializer            I Using org.apache.myfaces.ee.MyFacesContainerInitializer
[3/3/23, 4:09:38:650 EST] 00000050 com.ibm.ws.webcontainer.osgi.mbeans.PluginGenerator          I SRVE9103I: A configuration file for a web server plugin was automatically generated for this server at /Users/ayeshailyas/Wishlist-App/auth-server/target/liberty/wlp/usr/servers/defaultServer/logs/state/plugin-cfg.xml.
[3/3/23, 4:09:38:679 EST] 00000029 com.ibm.ws.app.manager.AppMessageHelper                      A CWWKZ0001I: Application auth-server started in 4.540 seconds.
[3/3/23, 4:09:38:714 EST] 00000027 com.ibm.ws.tcpchannel.internal.TCPPort                       I CWWKO0219I: TCP Channel defaultHttpEndpoint has been started and is now listening for requests on host localhost  (IPv4: 127.0.0.1) port 9082.
[3/3/23, 4:09:38:716 EST] 00000027 com.ibm.ws.tcpchannel.internal.TCPPort                       I CWWKO0219I: TCP Channel wasJmsEndpoint464 has been started and is now listening for requests on host localhost  (IPv4: 127.0.0.1) port 7276.
[3/3/23, 4:09:38:717 EST] 00000027 com.ibm.ws.tcpchannel.internal.TCPPort                       I CWWKO0219I: TCP Channel defaultHttpEndpoint-ssl has been started and is now listening for requests on host localhost  (IPv4: 127.0.0.1) port 9443.
[3/3/23, 4:09:38:718 EST] 00000027 com.ibm.ws.tcpchannel.internal.TCPPort                       I CWWKO0219I: TCP Channel wasJmsEndpoint464-ssl has been started and is now listening for requests on host localhost  (IPv4: 127.0.0.1) port 7286.
[3/3/23, 4:09:38:760 EST] 00000027 com.ibm.ws.kernel.feature.internal.FeatureManager            A CWWKF0012I: The server installed the following features: [appAuthentication-2.0, appAuthorization-2.0, appClientSupport-2.0, appSecurity-4.0, batch-2.0, beanValidation-3.0, cdi-3.0, concurrent-2.0, connectors-2.0, connectorsInboundSecurity-2.0, distributedMap-1.0, enterpriseBeans-4.0, enterpriseBeansHome-4.0, enterpriseBeansLite-4.0, enterpriseBeansPersistentTimer-4.0, enterpriseBeansRemote-4.0, expressionLanguage-4.0, faces-3.0, jakartaee-9.1, jdbc-4.2, jndi-1.0, json-1.0, jsonb-2.0, jsonp-2.0, jwt-1.0, mail-2.0, managedBeans-2.0, mdb-4.0, messaging-3.0, messagingClient-3.0, messagingSecurity-3.0, messagingServer-3.0, microProfile-5.0, monitor-1.0, mpConfig-3.0, mpFaultTolerance-4.0, mpHealth-4.0, mpJwt-2.0, mpMetrics-4.0, mpOpenAPI-3.0, mpOpenTracing-3.0, mpRestClient-3.0, pages-3.0, persistence-3.0, persistenceContainer-3.0, restConnector-2.0, restfulWS-3.0, restfulWSClient-3.0, servlet-5.0, ssl-1.0, transportSecurity-1.0, webProfile-9.1, websocket-2.0, xmlBinding-3.0, xmlWS-3.0].
[3/3/23, 4:09:38:761 EST] 00000027 com.ibm.ws.kernel.feature.internal.FeatureManager            I CWWKF0008I: Feature update completed in 25.583 seconds.
[3/3/23, 4:09:38:762 EST] 00000027 com.ibm.ws.kernel.feature.internal.FeatureManager            A CWWKF0011I: The defaultServer server is ready to run a smarter planet. The defaultServer server started in 32.613 seconds.
[3/3/23, 4:09:39:238 EST] 00000029 org.jboss.resteasy.resteasy_jaxrs.i18n                       I RESTEASY002225: Deploying jakarta.ws.rs.core.Application: class edu.sunulster.genie.auth.RestApplication$Proxy$_$$_WeldClientProxy
[3/3/23, 4:09:39:353 EST] 00000029 com.ibm.ws.webcontainer.servlet                              I SRVE0242I: [auth-server] [/] [edu.sunulster.genie.auth.RestApplication]: Initialization successful.
[3/3/23, 4:09:41:222 EST] 00000052 com.ibm.ws.http.internal.VirtualHostImpl                     A CWWKT0017I: Web application removed (default_host): http://localhost:9082/
[3/3/23, 4:09:41:224 EST] 00000052 com.ibm.ws.webcontainer.servlet                              I SRVE0253I: [auth-server] [/] [edu.sunulster.genie.auth.RestApplication]: Destroy successful.
[3/3/23, 4:09:41:245 EST] 00000052 com.ibm.ws.app.manager.AppMessageHelper                      A CWWKZ0009I: The application auth-server has stopped successfully.
[3/3/23, 4:09:41:252 EST] 00000052 com.ibm.ws.app.manager.AppMessageHelper                      I CWWKZ0018I: Starting application auth-server.
[3/3/23, 4:09:41:253 EST] 00000052 bm.ws.app.manager.war.internal.WARDeployedAppInfoFactoryImpl I CWWKZ0134I: The auth-server application is using the loose application definition at the /Users/ayeshailyas/Wishlist-App/auth-server/target/liberty/wlp/usr/servers/defaultServer/apps/auth-server.war.xml location.
[3/3/23, 4:09:41:272 EST] 00000051 com.ibm.ws.webcontainer.osgi.mbeans.PluginGenerator          I SRVE9103I: A configuration file for a web server plugin was automatically generated for this server at /Users/ayeshailyas/Wishlist-App/auth-server/target/liberty/wlp/usr/servers/defaultServer/logs/state/plugin-cfg.xml.
[3/3/23, 4:09:41:312 EST] 00000052 liberty.microprofile.openapi20.internal.ApplicationProcessor I CWWKO1660I: The application auth-server was processed and an OpenAPI document was produced.
[3/3/23, 4:09:41:456 EST] 00000052 org.jboss.weld.Event                                         I WELD-000411: Observer method [BackedAnnotatedMethod] org.apache.myfaces.config.annotation.CdiAnnotationProviderExtension.processAnnotatedType(@Observes ProcessAnnotatedType<T>) receives events for all annotated types. Consider restricting events using @WithAnnotations or a generic type with bounds.
[3/3/23, 4:09:41:466 EST] 00000052 org.jboss.weld.Event                                         I WELD-000411: Observer method [BackedAnnotatedMethod] org.apache.myfaces.cdi.JsfArtifactProducerExtension.processAnnotatedType(@Observes ProcessAnnotatedType<T>, BeanManager) receives events for all annotated types. Consider restricting events using @WithAnnotations or a generic type with bounds.
[3/3/23, 4:09:42:147 EST] 00000052 com.ibm.ws.webcontainer.osgi.webapp.WebGroup                 I SRVE0169I: Loading Web Module: auth-server.
[3/3/23, 4:09:42:147 EST] 00000052 com.ibm.ws.webcontainer                                      I SRVE0250I: Web Module auth-server has been bound to default_host.
[3/3/23, 4:09:42:147 EST] 00000052 com.ibm.ws.http.internal.VirtualHostImpl                     A CWWKT0016I: Web application available (default_host): http://localhost:9082/
[3/3/23, 4:09:42:174 EST] 0000002a com.ibm.ws.webcontainer.osgi.mbeans.PluginGenerator          I SRVE9103I: A configuration file for a web server plugin was automatically generated for this server at /Users/ayeshailyas/Wishlist-App/auth-server/target/liberty/wlp/usr/servers/defaultServer/logs/state/plugin-cfg.xml.
[3/3/23, 4:09:42:175 EST] 00000052 com.ibm.ws.session.WASSessionCore                            I SESN0176I: A new session context will be created for application key default_host/
[3/3/23, 4:09:42:175 EST] 00000052 com.ibm.ws.util                                              I SESN0172I: The session manager is using the Java default SecureRandom implementation for session ID generation.
[3/3/23, 4:09:42:255 EST] 00000052 org.apache.myfaces.ee.MyFacesContainerInitializer            I Using org.apache.myfaces.ee.MyFacesContainerInitializer
[3/3/23, 4:09:42:265 EST] 00000052 com.ibm.ws.app.manager.AppMessageHelper                      A CWWKZ0003I: The application auth-server updated in 1.012 seconds.
[3/3/23, 4:09:42:422 EST] 00000052 org.jboss.resteasy.resteasy_jaxrs.i18n                       I RESTEASY002225: Deploying jakarta.ws.rs.core.Application: class edu.sunulster.genie.auth.RestApplication$Proxy$_$$_WeldClientProxy
[3/3/23, 4:09:42:425 EST] 00000052 com.ibm.ws.webcontainer.servlet                              I SRVE0242I: [auth-server] [/] [edu.sunulster.genie.auth.RestApplication]: Initialization successful.
[3/3/23, 4:13:09:514 EST] 0000002a rty.opentracing.internal.OpentracingUserFeatureAccessService W CWMOT0010W: OpenTracing cannot track JAX-RS requests because an OpentracingTracerFactory class was not provided or client libraries for tracing backend are not in the class path.
[3/3/23, 4:13:22:039 EST] 00000052 com.ibm.ws.http.internal.VirtualHostImpl                     A CWWKT0017I: Web application removed (default_host): http://localhost:9082/
[3/3/23, 4:13:22:041 EST] 00000052 com.ibm.ws.webcontainer.servlet                              I SRVE0253I: [auth-server] [/] [edu.sunulster.genie.auth.RestApplication]: Destroy successful.
[3/3/23, 4:13:22:056 EST] 00000052 com.ibm.ws.app.manager.AppMessageHelper                      A CWWKZ0009I: The application auth-server has stopped successfully.
[3/3/23, 4:13:22:081 EST] 00000050 com.ibm.ws.webcontainer.osgi.mbeans.PluginGenerator          I SRVE9103I: A configuration file for a web server plugin was automatically generated for this server at /Users/ayeshailyas/Wishlist-App/auth-server/target/liberty/wlp/usr/servers/defaultServer/logs/state/plugin-cfg.xml.
[3/3/23, 4:13:22:089 EST] 00000052 com.ibm.ws.app.manager.AppMessageHelper                      I CWWKZ0018I: Starting application auth-server.
[3/3/23, 4:13:22:089 EST] 00000052 bm.ws.app.manager.war.internal.WARDeployedAppInfoFactoryImpl I CWWKZ0134I: The auth-server application is using the loose application definition at the /Users/ayeshailyas/Wishlist-App/auth-server/target/liberty/wlp/usr/servers/defaultServer/apps/auth-server.war.xml location.
[3/3/23, 4:13:22:222 EST] 00000052 liberty.microprofile.openapi20.internal.ApplicationProcessor I CWWKO1660I: The application auth-server was processed and an OpenAPI document was produced.
[3/3/23, 4:13:22:449 EST] 00000052 org.jboss.weld.Event                                         I WELD-000411: Observer method [BackedAnnotatedMethod] org.apache.myfaces.cdi.JsfArtifactProducerExtension.processAnnotatedType(@Observes ProcessAnnotatedType<T>, BeanManager) receives events for all annotated types. Consider restricting events using @WithAnnotations or a generic type with bounds.
[3/3/23, 4:13:22:512 EST] 00000052 org.jboss.weld.Event                                         I WELD-000411: Observer method [BackedAnnotatedMethod] org.apache.myfaces.config.annotation.CdiAnnotationProviderExtension.processAnnotatedType(@Observes ProcessAnnotatedType<T>) receives events for all annotated types. Consider restricting events using @WithAnnotations or a generic type with bounds.
[3/3/23, 4:13:23:376 EST] 00000052 com.ibm.ws.webcontainer.osgi.webapp.WebGroup                 I SRVE0169I: Loading Web Module: auth-server.
[3/3/23, 4:13:23:376 EST] 00000052 com.ibm.ws.webcontainer                                      I SRVE0250I: Web Module auth-server has been bound to default_host.
[3/3/23, 4:13:23:377 EST] 00000052 com.ibm.ws.http.internal.VirtualHostImpl                     A CWWKT0016I: Web application available (default_host): http://localhost:9082/
[3/3/23, 4:13:23:377 EST] 00000029 com.ibm.ws.session.WASSessionCore                            I SESN0176I: A new session context will be created for application key default_host/
[3/3/23, 4:13:23:378 EST] 00000029 com.ibm.ws.util                                              I SESN0172I: The session manager is using the Java default SecureRandom implementation for session ID generation.
[3/3/23, 4:13:23:391 EST] 00000029 org.apache.myfaces.ee.MyFacesContainerInitializer            I Using org.apache.myfaces.ee.MyFacesContainerInitializer
[3/3/23, 4:13:23:403 EST] 00000053 com.ibm.ws.webcontainer.osgi.mbeans.PluginGenerator          I SRVE9103I: A configuration file for a web server plugin was automatically generated for this server at /Users/ayeshailyas/Wishlist-App/auth-server/target/liberty/wlp/usr/servers/defaultServer/logs/state/plugin-cfg.xml.
[3/3/23, 4:13:23:417 EST] 00000029 com.ibm.ws.app.manager.AppMessageHelper                      A CWWKZ0003I: The application auth-server updated in 1.327 seconds.
[3/3/23, 4:13:23:659 EST] 00000029 org.jboss.resteasy.resteasy_jaxrs.i18n                       I RESTEASY002225: Deploying jakarta.ws.rs.core.Application: class edu.sunulster.genie.auth.RestApplication$Proxy$_$$_WeldClientProxy
[3/3/23, 4:13:23:664 EST] 00000029 com.ibm.ws.webcontainer.servlet                              I SRVE0242I: [auth-server] [/] [edu.sunulster.genie.auth.RestApplication]: Initialization successful.
[3/3/23, 4:16:54:338 EST] 00000016 com.ibm.ws.kernel.launch.internal.FrameworkManager           A CWWKE0085I: The server defaultServer is stopping because the JVM is exiting.
[3/3/23, 4:16:54:351 EST] 0000006d com.ibm.ws.runtime.update.internal.RuntimeUpdateManagerImpl  A CWWKE1100I: Waiting for up to 30 seconds for the server to quiesce.
[3/3/23, 4:16:54:374 EST] 0000006a com.ibm.ws.tcpchannel.internal.TCPChannel                    I CWWKO0220I: TCP Channel defaultHttpEndpoint-ssl has stopped listening for requests on host localhost  (IPv4: 127.0.0.1) port 9443.
[3/3/23, 4:16:54:401 EST] 0000006a com.ibm.ws.tcpchannel.internal.TCPChannel                    I CWWKO0220I: TCP Channel wasJmsEndpoint464 has stopped listening for requests on host localhost  (IPv4: 127.0.0.1) port 7276.
[3/3/23, 4:16:54:405 EST] 0000006a com.ibm.ws.tcpchannel.internal.TCPChannel                    I CWWKO0220I: TCP Channel defaultHttpEndpoint has stopped listening for requests on host localhost  (IPv4: 127.0.0.1) port 9082.
[3/3/23, 4:16:54:406 EST] 0000006a com.ibm.ws.http.internal.VirtualHostImpl                     A CWWKT0017I: Web application removed (default_host): http://localhost:9082/jwt/
[3/3/23, 4:16:54:418 EST] 0000006a com.ibm.ws.http.internal.VirtualHostImpl                     A CWWKT0017I: Web application removed (default_host): http://localhost:9082/openapi/platform/
[3/3/23, 4:16:54:419 EST] 0000006a com.ibm.ws.http.internal.VirtualHostImpl                     A CWWKT0017I: Web application removed (default_host): http://localhost:9082/openapi/ui/
[3/3/23, 4:16:54:420 EST] 0000006a com.ibm.ws.http.internal.VirtualHostImpl                     A CWWKT0017I: Web application removed (default_host): http://localhost:9082/health/
[3/3/23, 4:16:54:420 EST] 0000006a com.ibm.ws.http.internal.VirtualHostImpl                     A CWWKT0017I: Web application removed (default_host): http://localhost:9082/metrics/
[3/3/23, 4:16:54:420 EST] 0000006a com.ibm.ws.http.internal.VirtualHostImpl                     A CWWKT0017I: Web application removed (default_host): http://localhost:9082/
[3/3/23, 4:16:54:420 EST] 0000006a com.ibm.ws.http.internal.VirtualHostImpl                     A CWWKT0017I: Web application removed (default_host): http://localhost:9082/ibm/api/
[3/3/23, 4:16:54:420 EST] 0000006a com.ibm.ws.http.internal.VirtualHostImpl                     A CWWKT0017I: Web application removed (default_host): http://localhost:9082/IBMJMXConnectorREST/
[3/3/23, 4:16:54:420 EST] 0000006a com.ibm.ws.http.internal.VirtualHostImpl                     A CWWKT0017I: Web application removed (default_host): http://localhost:9082/openapi/
[3/3/23, 4:16:54:429 EST] 0000006a com.ibm.ws.tcpchannel.internal.TCPChannel                    I CWWKO0220I: TCP Channel wasJmsEndpoint464-ssl has stopped listening for requests on host localhost  (IPv4: 127.0.0.1) port 7286.
[3/3/23, 4:16:55:430 EST] 0000006d com.ibm.ws.runtime.update.internal.RuntimeUpdateManagerImpl  I CWWKE1101I: Server quiesce complete.
[3/3/23, 4:16:55:538 EST] 00000050 com.ibm.ws.app.manager.AppMessageHelper                      A CWWKZ0009I: The application auth-server has stopped successfully.
[3/3/23, 4:17:02:790 EST] 00000017 com.ibm.ws.kernel.launch.internal.ServerCommandListener      A CWWKE0055I: Server shutdown requested on Friday, March 3, 2023 at 4:17 AM. The server defaultServer is shutting down.
[3/3/23, 4:17:04:798 EST] 0000006d com.ibm.ws.transport.iiop.internal.ORBWrapperInternal        A CWWKI0002I: The CORBA name server is no longer available at corbaloc:iiop:localhost:2809/NameService.
[3/3/23, 4:17:05:183 EST] 0000006d .microprofile.metrics.internal.monitor.MonitorMetricsHandler I CWPMI2004I: All monitoring metrics were unregistered from mpMetrics.
[3/3/23, 4:17:05:295 EST] 0000006d rty.security.mp.jwt.v12.config.impl.MpConfigProxyServiceImpl I CWWKS5782I: The MicroProfile JWT version 1.2 mpConfigProxy deactivated successfully.
[3/3/23, 4:17:05:396 EST] 0000006d com.ibm.ws.security.mp.jwt.impl.MicroProfileJwtConfigImpl    I CWWKS5502I: The MicroProfile JWT configuration [defaultMpJwt] was successfully deactivated.
[3/3/23, 4:17:05:400 EST] 0000006d com.ibm.ws.security.mp.jwt.impl.MicroProfileJwtServiceImpl   I CWWKS5502I: The MicroProfile JWT configuration [MicroProfileJwtService] was successfully deactivated.
[3/3/23, 4:17:05:731 EST] 0000006d ibm.ws.security.authentication.internal.jaas.JAASServiceImpl I CWWKS1124I: The collective authentication plugin with class name NullCollectiveAuthenticationPlugin has been deactivated. 
[3/3/23, 4:17:05:740 EST] 0000006d com.ibm.ws.security.ready.internal.SecurityReadyServiceImpl  I CWWKS0009I: The security service has stopped.
[3/3/23, 4:17:06:056 EST] 0000006d com.ibm.ws.sib.utils.ras.SibMessage                          I  CWSIS1589I: The file store has stopped successfully.
[3/3/23, 4:17:06:268 EST] 0000006d com.ibm.ws.sib.utils.ras.SibMessage                          I  CWSID0121I: JMS server stopped.  
[3/3/23, 4:17:07:115 EST] 00000001 com.ibm.ws.kernel.launch.internal.FrameworkManager           A CWWKE0036I: The server defaultServer stopped after 8 minutes, 0.946 seconds.
